2024-06-19 00:13:37.253  INFO 24084 --- [restartedMain] c.example.demo.SimpleprojectApplication  : Starting SimpleprojectApplication using Java 17.0.9 with PID 24084 (E:\미래내일 일경험\simpleproject\simpleproject\bin\main started by kimbo in E:\미래내일 일경험\simpleproject\simpleproject)
2024-06-19 00:13:37.389  INFO 24084 --- [restartedMain] c.example.demo.SimpleprojectApplication  : No active profile set, falling back to 1 default profile: "default"
2024-06-19 00:13:37.435  INFO 24084 --- [restartedMain] .e.DevToolsPropertyDefaultsPostProcessor : Devtools property defaults active! Set 'spring.devtools.add-properties' to 'false' to disable
2024-06-19 00:13:37.435  INFO 24084 --- [restartedMain] .e.DevToolsPropertyDefaultsPostProcessor : For additional web related logging consider setting the 'logging.level.web' property to 'DEBUG'
2024-06-19 00:13:37.956  INFO 24084 --- [restartedMain] .s.d.r.c.RepositoryConfigurationDelegate : Bootstrapping Spring Data JPA repositories in DEFAULT mode.
2024-06-19 00:13:38.013  INFO 24084 --- [restartedMain] .s.d.r.c.RepositoryConfigurationDelegate : Finished Spring Data repository scanning in 48 ms. Found 3 JPA repository interfaces.
2024-06-19 00:13:38.523  INFO 24084 --- [restartedMain] o.s.b.w.embedded.tomcat.TomcatWebServer  : Tomcat initialized with port 8080 (http)
2024-06-19 00:13:38.536  INFO 24084 --- [restartedMain] o.apache.catalina.core.StandardService   : Starting service [Tomcat]
2024-06-19 00:13:38.537  INFO 24084 --- [restartedMain] o.apache.catalina.core.StandardEngine    : Starting Servlet engine: [Apache Tomcat/10.1.24]
2024-06-19 00:13:38.636  INFO 24084 --- [restartedMain] o.a.c.c.C.[Tomcat].[localhost].[/]       : Initializing Spring embedded WebApplicationContext
2024-06-19 00:13:38.636  INFO 24084 --- [restartedMain] w.s.c.ServletWebServerApplicationContext : Root WebApplicationContext: initialization completed in 1200 ms
2024-06-19 00:13:38.776  INFO 24084 --- [restartedMain] o.hibernate.jpa.internal.util.LogHelper  : HHH000204: Processing PersistenceUnitInfo [name: default]
2024-06-19 00:13:38.887  INFO 24084 --- [restartedMain] org.hibernate.Version                    : HHH000412: Hibernate ORM core version 6.5.2.Final
2024-06-19 00:13:38.934  INFO 24084 --- [restartedMain] o.h.c.internal.RegionFactoryInitiator    : HHH000026: Second-level cache disabled
2024-06-19 00:13:39.058  INFO 24084 --- [restartedMain] com.zaxxer.hikari.HikariDataSource       : HikariPool-1 - Starting...
2024-06-19 00:13:39.365  INFO 24084 --- [restartedMain] com.zaxxer.hikari.pool.HikariPool        : HikariPool-1 - Added connection com.mysql.cj.jdbc.ConnectionImpl@350bf312
2024-06-19 00:13:39.367  INFO 24084 --- [restartedMain] com.zaxxer.hikari.HikariDataSource       : HikariPool-1 - Start completed.
2024-06-19 00:13:39.422  WARN 24084 --- [restartedMain] org.hibernate.orm.deprecation            : HHH90000025: MySQL8Dialect does not need to be specified explicitly using 'hibernate.dialect' (remove the property setting and it will be selected by default)
2024-06-19 00:13:39.423  WARN 24084 --- [restartedMain] org.hibernate.orm.deprecation            : HHH90000026: MySQL8Dialect has been deprecated; use org.hibernate.dialect.MySQLDialect instead
2024-06-19 00:13:39.726  INFO 24084 --- [restartedMain] o.s.o.j.p.SpringPersistenceUnitInfo      : No LoadTimeWeaver setup: ignoring JPA class transformer
2024-06-19 00:13:40.612  INFO 24084 --- [restartedMain] o.h.e.t.j.p.i.JtaPlatformInitiator       : HHH000489: No JTA platform available (set 'hibernate.transaction.jta.platform' to enable JTA platform integration)
2024-06-19 00:13:40.664  INFO 24084 --- [restartedMain] j.LocalContainerEntityManagerFactoryBean : Initialized JPA EntityManagerFactory for persistence unit 'default'
2024-06-19 00:13:40.953  WARN 24084 --- [restartedMain] JpaBaseConfiguration$JpaWebConfiguration : spring.jpa.open-in-view is enabled by default. Therefore, database queries may be performed during view rendering. Explicitly configure spring.jpa.open-in-view to disable this warning
2024-06-19 00:13:41.217  INFO 24084 --- [restartedMain] o.s.b.d.a.OptionalLiveReloadServer       : LiveReload server is running on port 35729
2024-06-19 00:13:41.261  INFO 24084 --- [restartedMain] o.s.b.w.embedded.tomcat.TomcatWebServer  : Tomcat started on port 8080 (http) with context path '/'
2024-06-19 00:13:41.268  INFO 24084 --- [restartedMain] c.example.demo.SimpleprojectApplication  : Started SimpleprojectApplication in 4.349 seconds (process running for 5.306)
2024-06-19 00:13:47.241  INFO 24084 --- [http-nio-8080-exec-2] o.a.c.c.C.[Tomcat].[localhost].[/]       : Initializing Spring DispatcherServlet 'dispatcherServlet'
2024-06-19 00:13:47.241  INFO 24084 --- [http-nio-8080-exec-2] o.s.web.servlet.DispatcherServlet        : Initializing Servlet 'dispatcherServlet'
2024-06-19 00:13:47.242  INFO 24084 --- [http-nio-8080-exec-2] o.s.web.servlet.DispatcherServlet        : Completed initialization in 1 ms
2024-06-19 00:13:47.467 DEBUG 24084 --- [http-nio-8080-exec-2] org.hibernate.SQL                        : select ue1_0.user_num,ue1_0.user_answer,ue1_0.user_id,ue1_0.user_password,ue1_0.user_question from userinfo ue1_0 where ue1_0.user_id=?
2024-06-19 00:13:50.753 DEBUG 24084 --- [http-nio-8080-exec-3] org.hibernate.SQL                        : select uje1_0.json_id,uje1_0.json_file,uje1_0.user_num from user_json uje1_0
2024-06-19 00:13:50.818 DEBUG 24084 --- [http-nio-8080-exec-3] org.hibernate.SQL                        : select uje1_0.json_id,uje1_0.json_file,uje1_0.user_num from user_json uje1_0 where uje1_0.user_num=?
2024-06-19 00:13:50.842 DEBUG 24084 --- [http-nio-8080-exec-3] org.hibernate.SQL                        : select uje1_0.json_id,uje1_0.json_file,uje1_0.user_num from user_json uje1_0 where uje1_0.json_id=?
2024-06-19 00:13:50.864 DEBUG 24084 --- [http-nio-8080-exec-3] org.hibernate.SQL                        : select next_val as id_val from user_json_seq for update
2024-06-19 00:13:50.869 DEBUG 24084 --- [http-nio-8080-exec-3] org.hibernate.SQL                        : update user_json_seq set next_val= ? where next_val=?
2024-06-19 00:13:50.906 DEBUG 24084 --- [http-nio-8080-exec-3] org.hibernate.SQL                        : insert into user_json (json_file,user_num,json_id) values (?,?,?)
2024-06-19 00:16:16.793  INFO 24084 --- [RMI TCP Connection(11)-127.0.0.1] inMXBeanRegistrar$SpringApplicationAdmin : Application shutdown requested.
2024-06-19 00:16:16.815  INFO 24084 --- [RMI TCP Connection(11)-127.0.0.1] j.LocalContainerEntityManagerFactoryBean : Closing JPA EntityManagerFactory for persistence unit 'default'
2024-06-19 00:16:16.817  INFO 24084 --- [RMI TCP Connection(11)-127.0.0.1] com.zaxxer.hikari.HikariDataSource       : HikariPool-1 - Shutdown initiated...
2024-06-19 00:16:16.864  INFO 24084 --- [RMI TCP Connection(11)-127.0.0.1] com.zaxxer.hikari.HikariDataSource       : HikariPool-1 - Shutdown completed.
2024-06-19 00:18:58.363  INFO 17560 --- [restartedMain] c.example.demo.SimpleprojectApplication  : Starting SimpleprojectApplication using Java 17.0.9 with PID 17560 (E:\미래내일 일경험\simpleproject\simpleproject\bin\main started by kimbo in E:\미래내일 일경험\simpleproject\simpleproject)
2024-06-19 00:18:58.365  INFO 17560 --- [restartedMain] c.example.demo.SimpleprojectApplication  : No active profile set, falling back to 1 default profile: "default"
2024-06-19 00:18:58.407  INFO 17560 --- [restartedMain] .e.DevToolsPropertyDefaultsPostProcessor : Devtools property defaults active! Set 'spring.devtools.add-properties' to 'false' to disable
2024-06-19 00:18:58.407  INFO 17560 --- [restartedMain] .e.DevToolsPropertyDefaultsPostProcessor : For additional web related logging consider setting the 'logging.level.web' property to 'DEBUG'
2024-06-19 00:18:58.933  INFO 17560 --- [restartedMain] .s.d.r.c.RepositoryConfigurationDelegate : Bootstrapping Spring Data JPA repositories in DEFAULT mode.
2024-06-19 00:18:58.993  INFO 17560 --- [restartedMain] .s.d.r.c.RepositoryConfigurationDelegate : Finished Spring Data repository scanning in 52 ms. Found 3 JPA repository interfaces.
2024-06-19 00:18:59.480  INFO 17560 --- [restartedMain] o.s.b.w.embedded.tomcat.TomcatWebServer  : Tomcat initialized with port 8080 (http)
2024-06-19 00:18:59.490  INFO 17560 --- [restartedMain] o.apache.catalina.core.StandardService   : Starting service [Tomcat]
2024-06-19 00:18:59.491  INFO 17560 --- [restartedMain] o.apache.catalina.core.StandardEngine    : Starting Servlet engine: [Apache Tomcat/10.1.24]
2024-06-19 00:18:59.578  INFO 17560 --- [restartedMain] o.a.c.c.C.[Tomcat].[localhost].[/]       : Initializing Spring embedded WebApplicationContext
2024-06-19 00:18:59.578  INFO 17560 --- [restartedMain] w.s.c.ServletWebServerApplicationContext : Root WebApplicationContext: initialization completed in 1171 ms
2024-06-19 00:18:59.699  INFO 17560 --- [restartedMain] o.hibernate.jpa.internal.util.LogHelper  : HHH000204: Processing PersistenceUnitInfo [name: default]
2024-06-19 00:18:59.749  INFO 17560 --- [restartedMain] org.hibernate.Version                    : HHH000412: Hibernate ORM core version 6.5.2.Final
2024-06-19 00:18:59.779  INFO 17560 --- [restartedMain] o.h.c.internal.RegionFactoryInitiator    : HHH000026: Second-level cache disabled
2024-06-19 00:18:59.886  INFO 17560 --- [restartedMain] com.zaxxer.hikari.HikariDataSource       : HikariPool-1 - Starting...
2024-06-19 00:19:00.199  INFO 17560 --- [restartedMain] com.zaxxer.hikari.pool.HikariPool        : HikariPool-1 - Added connection com.mysql.cj.jdbc.ConnectionImpl@a0d9157
2024-06-19 00:19:00.201  INFO 17560 --- [restartedMain] com.zaxxer.hikari.HikariDataSource       : HikariPool-1 - Start completed.
2024-06-19 00:19:00.247  WARN 17560 --- [restartedMain] org.hibernate.orm.deprecation            : HHH90000025: MySQL8Dialect does not need to be specified explicitly using 'hibernate.dialect' (remove the property setting and it will be selected by default)
2024-06-19 00:19:00.248  WARN 17560 --- [restartedMain] org.hibernate.orm.deprecation            : HHH90000026: MySQL8Dialect has been deprecated; use org.hibernate.dialect.MySQLDialect instead
2024-06-19 00:19:00.497  INFO 17560 --- [restartedMain] o.s.o.j.p.SpringPersistenceUnitInfo      : No LoadTimeWeaver setup: ignoring JPA class transformer
2024-06-19 00:19:01.349  INFO 17560 --- [restartedMain] o.h.e.t.j.p.i.JtaPlatformInitiator       : HHH000489: No JTA platform available (set 'hibernate.transaction.jta.platform' to enable JTA platform integration)
2024-06-19 00:19:01.405  INFO 17560 --- [restartedMain] j.LocalContainerEntityManagerFactoryBean : Initialized JPA EntityManagerFactory for persistence unit 'default'
2024-06-19 00:19:01.727  WARN 17560 --- [restartedMain] JpaBaseConfiguration$JpaWebConfiguration : spring.jpa.open-in-view is enabled by default. Therefore, database queries may be performed during view rendering. Explicitly configure spring.jpa.open-in-view to disable this warning
2024-06-19 00:19:01.993  INFO 17560 --- [restartedMain] o.s.b.d.a.OptionalLiveReloadServer       : LiveReload server is running on port 35729
2024-06-19 00:19:02.030  INFO 17560 --- [restartedMain] o.s.b.w.embedded.tomcat.TomcatWebServer  : Tomcat started on port 8080 (http) with context path '/'
2024-06-19 00:19:02.038  INFO 17560 --- [restartedMain] c.example.demo.SimpleprojectApplication  : Started SimpleprojectApplication in 4.005 seconds (process running for 5.039)
2024-06-19 00:19:06.152  INFO 17560 --- [http-nio-8080-exec-2] o.a.c.c.C.[Tomcat].[localhost].[/]       : Initializing Spring DispatcherServlet 'dispatcherServlet'
2024-06-19 00:19:06.152  INFO 17560 --- [http-nio-8080-exec-2] o.s.web.servlet.DispatcherServlet        : Initializing Servlet 'dispatcherServlet'
2024-06-19 00:19:06.154  INFO 17560 --- [http-nio-8080-exec-2] o.s.web.servlet.DispatcherServlet        : Completed initialization in 2 ms
2024-06-19 00:19:06.382 DEBUG 17560 --- [http-nio-8080-exec-2] org.hibernate.SQL                        : select ue1_0.user_num,ue1_0.user_answer,ue1_0.user_id,ue1_0.user_password,ue1_0.user_question from userinfo ue1_0 where ue1_0.user_id=?
2024-06-19 00:19:08.142 DEBUG 17560 --- [http-nio-8080-exec-3] org.hibernate.SQL                        : select uje1_0.json_id,uje1_0.json_file,uje1_0.user_num from user_json uje1_0
2024-06-19 00:19:08.199 DEBUG 17560 --- [http-nio-8080-exec-3] org.hibernate.SQL                        : select uje1_0.json_id,uje1_0.json_file,uje1_0.user_num from user_json uje1_0 where uje1_0.user_num=?
2024-06-19 00:19:08.224 DEBUG 17560 --- [http-nio-8080-exec-3] org.hibernate.SQL                        : select uje1_0.json_id,uje1_0.json_file,uje1_0.user_num from user_json uje1_0 where uje1_0.json_id=?
2024-06-19 00:19:08.245 DEBUG 17560 --- [http-nio-8080-exec-3] org.hibernate.SQL                        : select next_val as id_val from user_json_seq for update
2024-06-19 00:19:08.249 DEBUG 17560 --- [http-nio-8080-exec-3] org.hibernate.SQL                        : update user_json_seq set next_val= ? where next_val=?
2024-06-19 00:19:08.285 DEBUG 17560 --- [http-nio-8080-exec-3] org.hibernate.SQL                        : insert into user_json (json_file,user_num,json_id) values (?,?,?)
2024-06-19 00:20:33.605  INFO 17560 --- [RMI TCP Connection(10)-127.0.0.1] inMXBeanRegistrar$SpringApplicationAdmin : Application shutdown requested.
2024-06-19 00:20:33.626  INFO 17560 --- [RMI TCP Connection(10)-127.0.0.1] j.LocalContainerEntityManagerFactoryBean : Closing JPA EntityManagerFactory for persistence unit 'default'
2024-06-19 00:20:33.628  INFO 17560 --- [RMI TCP Connection(10)-127.0.0.1] com.zaxxer.hikari.HikariDataSource       : HikariPool-1 - Shutdown initiated...
2024-06-19 00:20:33.676  INFO 17560 --- [RMI TCP Connection(10)-127.0.0.1] com.zaxxer.hikari.HikariDataSource       : HikariPool-1 - Shutdown completed.
2024-06-19 00:20:35.944  INFO 22924 --- [restartedMain] c.example.demo.SimpleprojectApplication  : Starting SimpleprojectApplication using Java 17.0.9 with PID 22924 (E:\미래내일 일경험\simpleproject\simpleproject\bin\main started by kimbo in E:\미래내일 일경험\simpleproject\simpleproject)
2024-06-19 00:20:35.947  INFO 22924 --- [restartedMain] c.example.demo.SimpleprojectApplication  : No active profile set, falling back to 1 default profile: "default"
2024-06-19 00:20:35.987  INFO 22924 --- [restartedMain] .e.DevToolsPropertyDefaultsPostProcessor : Devtools property defaults active! Set 'spring.devtools.add-properties' to 'false' to disable
2024-06-19 00:20:35.988  INFO 22924 --- [restartedMain] .e.DevToolsPropertyDefaultsPostProcessor : For additional web related logging consider setting the 'logging.level.web' property to 'DEBUG'
2024-06-19 00:20:36.513  INFO 22924 --- [restartedMain] .s.d.r.c.RepositoryConfigurationDelegate : Bootstrapping Spring Data JPA repositories in DEFAULT mode.
2024-06-19 00:20:36.570  INFO 22924 --- [restartedMain] .s.d.r.c.RepositoryConfigurationDelegate : Finished Spring Data repository scanning in 49 ms. Found 3 JPA repository interfaces.
2024-06-19 00:20:37.054  INFO 22924 --- [restartedMain] o.s.b.w.embedded.tomcat.TomcatWebServer  : Tomcat initialized with port 8080 (http)
2024-06-19 00:20:37.064  INFO 22924 --- [restartedMain] o.apache.catalina.core.StandardService   : Starting service [Tomcat]
2024-06-19 00:20:37.064  INFO 22924 --- [restartedMain] o.apache.catalina.core.StandardEngine    : Starting Servlet engine: [Apache Tomcat/10.1.24]
2024-06-19 00:20:37.161  INFO 22924 --- [restartedMain] o.a.c.c.C.[Tomcat].[localhost].[/]       : Initializing Spring embedded WebApplicationContext
2024-06-19 00:20:37.162  INFO 22924 --- [restartedMain] w.s.c.ServletWebServerApplicationContext : Root WebApplicationContext: initialization completed in 1174 ms
2024-06-19 00:20:37.286  INFO 22924 --- [restartedMain] o.hibernate.jpa.internal.util.LogHelper  : HHH000204: Processing PersistenceUnitInfo [name: default]
2024-06-19 00:20:37.332  INFO 22924 --- [restartedMain] org.hibernate.Version                    : HHH000412: Hibernate ORM core version 6.5.2.Final
2024-06-19 00:20:37.362  INFO 22924 --- [restartedMain] o.h.c.internal.RegionFactoryInitiator    : HHH000026: Second-level cache disabled
2024-06-19 00:20:37.467  INFO 22924 --- [restartedMain] com.zaxxer.hikari.HikariDataSource       : HikariPool-1 - Starting...
2024-06-19 00:20:37.760  INFO 22924 --- [restartedMain] com.zaxxer.hikari.pool.HikariPool        : HikariPool-1 - Added connection com.mysql.cj.jdbc.ConnectionImpl@2b9091d3
2024-06-19 00:20:37.762  INFO 22924 --- [restartedMain] com.zaxxer.hikari.HikariDataSource       : HikariPool-1 - Start completed.
2024-06-19 00:20:37.806  WARN 22924 --- [restartedMain] org.hibernate.orm.deprecation            : HHH90000025: MySQL8Dialect does not need to be specified explicitly using 'hibernate.dialect' (remove the property setting and it will be selected by default)
2024-06-19 00:20:37.807  WARN 22924 --- [restartedMain] org.hibernate.orm.deprecation            : HHH90000026: MySQL8Dialect has been deprecated; use org.hibernate.dialect.MySQLDialect instead
2024-06-19 00:20:38.044  INFO 22924 --- [restartedMain] o.s.o.j.p.SpringPersistenceUnitInfo      : No LoadTimeWeaver setup: ignoring JPA class transformer
2024-06-19 00:20:38.774  INFO 22924 --- [restartedMain] o.h.e.t.j.p.i.JtaPlatformInitiator       : HHH000489: No JTA platform available (set 'hibernate.transaction.jta.platform' to enable JTA platform integration)
2024-06-19 00:20:38.826  INFO 22924 --- [restartedMain] j.LocalContainerEntityManagerFactoryBean : Initialized JPA EntityManagerFactory for persistence unit 'default'
2024-06-19 00:20:39.109  WARN 22924 --- [restartedMain] JpaBaseConfiguration$JpaWebConfiguration : spring.jpa.open-in-view is enabled by default. Therefore, database queries may be performed during view rendering. Explicitly configure spring.jpa.open-in-view to disable this warning
2024-06-19 00:20:39.371  INFO 22924 --- [restartedMain] o.s.b.d.a.OptionalLiveReloadServer       : LiveReload server is running on port 35729
2024-06-19 00:20:39.405  INFO 22924 --- [restartedMain] o.s.b.w.embedded.tomcat.TomcatWebServer  : Tomcat started on port 8080 (http) with context path '/'
2024-06-19 00:20:39.412  INFO 22924 --- [restartedMain] c.example.demo.SimpleprojectApplication  : Started SimpleprojectApplication in 3.802 seconds (process running for 4.86)
2024-06-19 00:20:42.852  INFO 22924 --- [http-nio-8080-exec-2] o.a.c.c.C.[Tomcat].[localhost].[/]       : Initializing Spring DispatcherServlet 'dispatcherServlet'
2024-06-19 00:20:42.852  INFO 22924 --- [http-nio-8080-exec-2] o.s.web.servlet.DispatcherServlet        : Initializing Servlet 'dispatcherServlet'
2024-06-19 00:20:42.853  INFO 22924 --- [http-nio-8080-exec-2] o.s.web.servlet.DispatcherServlet        : Completed initialization in 1 ms
2024-06-19 00:20:43.042 DEBUG 22924 --- [http-nio-8080-exec-2] org.hibernate.SQL                        : select ue1_0.user_num,ue1_0.user_answer,ue1_0.user_id,ue1_0.user_password,ue1_0.user_question from userinfo ue1_0 where ue1_0.user_id=?
2024-06-19 00:20:45.420 DEBUG 22924 --- [http-nio-8080-exec-3] org.hibernate.SQL                        : select uje1_0.json_id,uje1_0.json_file,uje1_0.user_num from user_json uje1_0
2024-06-19 00:20:45.483 DEBUG 22924 --- [http-nio-8080-exec-3] org.hibernate.SQL                        : select uje1_0.json_id,uje1_0.json_file,uje1_0.user_num from user_json uje1_0 where uje1_0.user_num=?
2024-06-19 00:20:45.523 DEBUG 22924 --- [http-nio-8080-exec-3] org.hibernate.SQL                        : update user_json set json_file=?,user_num=? where json_id=?
2024-06-19 00:22:32.787  INFO 22924 --- [RMI TCP Connection(10)-127.0.0.1] inMXBeanRegistrar$SpringApplicationAdmin : Application shutdown requested.
2024-06-19 00:22:32.808  INFO 22924 --- [RMI TCP Connection(10)-127.0.0.1] j.LocalContainerEntityManagerFactoryBean : Closing JPA EntityManagerFactory for persistence unit 'default'
2024-06-19 00:22:32.811  INFO 22924 --- [RMI TCP Connection(10)-127.0.0.1] com.zaxxer.hikari.HikariDataSource       : HikariPool-1 - Shutdown initiated...
2024-06-19 00:22:32.857  INFO 22924 --- [RMI TCP Connection(10)-127.0.0.1] com.zaxxer.hikari.HikariDataSource       : HikariPool-1 - Shutdown completed.
